<?xml version="1.0" encoding="UTF-8"?>
<!-- Generated by org.testng.reporters.JUnitReportReporter -->
<testsuite hostname="DDC5-L-2J9T5Q2" name="com.demo_jenkins.Hdfc_frame_example" tests="1" failures="0" timestamp="24 Sep 2019 18:37:11 GMT" time="26.708" errors="0">
  <testcase name="hdfc_frame" time="26.708" classname="com.demo_jenkins.Hdfc_frame_example"/>
</testsuite> <!-- com.demo_jenkins.Hdfc_frame_example -->
